QLThuChi/app/build/intermediates/manifest_merge_blame_file/debug/manifest-merger-blame-debug-report.txt
1<?xml version="1.0" encoding="utf-8"?>
2<manifest xmlns:android="http://schemas.android.com/apk/res/android"
3    package="com.example.qlthuchi"
4    android:versionCode="1"
5    android:versionName="1.0" >
6
7    <uses-sdk
8        android:minSdkVersion="16"
8-->src\main\AndroidManifest.xml
9        android:targetSdkVersion="29" />
9-->src\main\AndroidManifest.xml
10
11    <application
11-->src\main\AndroidManifest.xml:5:5-28:19
12        android:allowBackup="true"
12-->src\main\AndroidManifest.xml:6:9-35
13        android:appComponentFactory="androidx.core.app.CoreComponentFactory"
13-->[androidx.core:core:1.1.0] AndroidManifest.xml:24:18-86
14        android:debuggable="true"
15        android:icon="@mipmap/ic_launcher"
15-->src\main\AndroidManifest.xml:7:9-43
16        android:label="@string/app_name"
16-->src\main\AndroidManifest.xml:8:9-41
17        android:roundIcon="@mipmap/ic_launcher_round"
17-->src\main\AndroidManifest.xml:9:9-54
18        android:supportsRtl="true"
18-->src\main\AndroidManifest.xml:10:9-35
19        android:testOnly="true"
20        android:theme="@style/AppTheme" >
20-->src\main\AndroidManifest.xml:11:9-40
21        <activity android:name="com.example.qlthuchi.ThongKeChiActivity" />
21-->src\main\AndroidManifest.xml:12:9-65
21-->src\main\AndroidManifest.xml:12:19-53
22        <activity android:name="com.example.qlthuchi.ThongkeThuAcivity" />
22-->src\main\AndroidManifest.xml:13:9-55
22-->src\main\AndroidManifest.xml:13:19-52
23        <activity android:name="com.example.qlthuchi.ThongkeTongActivity" />
23-->src\main\AndroidManifest.xml:14:9-57
23-->src\main\AndroidManifest.xml:14:19-54
24        <activity android:name="com.example.qlthuchi.MenuActivity" >
24-->src\main\AndroidManifest.xml:15:9-21:20
24-->src\main\AndroidManifest.xml:15:19-47
25            <intent-filter>
25-->src\main\AndroidManifest.xml:16:13-20:29
26                <action android:name="android.intent.action.MAIN" />
26-->src\main\AndroidManifest.xml:17:17-69
26-->src\main\AndroidManifest.xml:17:25-66
27
28                <category android:name="android.intent.category.LAUNCHER" />
28-->src\main\AndroidManifest.xml:19:17-77
28-->src\main\AndroidManifest.xml:19:27-74
29            </intent-filter>
30        </activity>
31        <activity android:name="com.example.qlthuchi.KhoanChiActivity" />
31-->src\main\AndroidManifest.xml:22:9-54
31-->src\main\AndroidManifest.xml:22:19-51
32        <activity android:name="com.example.qlthuchi.KhoanThuActivity" />
32-->src\main\AndroidManifest.xml:23:9-54
32-->src\main\AndroidManifest.xml:23:19-51
33
34        <meta-data
34-->src\main\AndroidManifest.xml:25:9-27:57
35            android:name="preloaded_fonts"
35-->src\main\AndroidManifest.xml:26:13-43
36            android:resource="@array/preloaded_fonts" />
36-->src\main\AndroidManifest.xml:27:13-54
37    </application>
38
39</manifest>